This is pdfTeX, Version 3.141592653-2.6-1.40.29 (MiKTeX 26.2) (preloaded format=pdflatex 2026.4.28)  13 JUN 2026 23:39
entering extended mode
 restricted \write18 enabled.
 file:line:error style messages enabled.
 %&-line parsing enabled.
**c:/Users/maria/Documents/GitHub/MIA_TFM/TFMTeXiS-UTF8/TeXiS/TeXiS_pream.tex
(c:/Users/maria/Documents/GitHub/MIA_TFM/TFMTeXiS-UTF8/TeXiS/TeXiS_pream.tex
LaTeX2e <2025-11-01>
L3 programming layer <2026-03-20>

c:/Users/maria/Documents/GitHub/MIA_TFM/TFMTeXiS-UTF8/TeXiS/TeXiS_pream.tex:43: LaTeX Error: \usepackage before \documentclass.

See the LaTeX manual or LaTeX Companion for explanation.
Type  H <return>  for immediate help.
 ...                                              
                                                  
l.43 \usepackage{
                 verbatim}
\usepackage may only appear in the document preamble, i.e.,
between \documentclass and \begin{document}.


c:/Users/maria/Documents/GitHub/MIA_TFM/TFMTeXiS-UTF8/TeXiS/TeXiS_pream.tex:154: LaTeX Error: \usepackage before \documentclass.

See the LaTeX manual or LaTeX Companion for explanation.
Type  H <return>  for immediate help.
 ...                                              
                                                  
l.154 \usepackage{
                  shortvrb}
\usepackage may only appear in the document preamble, i.e.,
between \documentclass and \begin{document}.


c:/Users/maria/Documents/GitHub/MIA_TFM/TFMTeXiS-UTF8/TeXiS/TeXiS_pream.tex:177: LaTeX Error: \usepackage before \documentclass.

See the LaTeX manual or LaTeX Companion for explanation.
Type  H <return>  for immediate help.
 ...                                              
                                                  
l.177 \usepackage[utf8]{
                        inputenc} % Para que pinte bien las tildes
\usepackage may only appear in the document preamble, i.e.,
between \documentclass and \begin{document}.


c:/Users/maria/Documents/GitHub/MIA_TFM/TFMTeXiS-UTF8/TeXiS/TeXiS_pream.tex:200: LaTeX Error: \usepackage before \documentclass.

See the LaTeX manual or LaTeX Companion for explanation.
Type  H <return>  for immediate help.
 ...                                              
                                                  
l.200 \usepackage[round]{
                         natbib}
\usepackage may only appear in the document preamble, i.e.,
between \documentclass and \begin{document}.


c:/Users/maria/Documents/GitHub/MIA_TFM/TFMTeXiS-UTF8/TeXiS/TeXiS_pream.tex:210: LaTeX Error: \usepackage before \documentclass.

See the LaTeX manual or LaTeX Companion for explanation.
Type  H <return>  for immediate help.
 ...                                              
                                                  
l.210 \usepackage[english,activeacute,spanish]{
                                               babel}
\usepackage may only appear in the document preamble, i.e.,
between \documentclass and \begin{document}.


c:/Users/maria/Documents/GitHub/MIA_TFM/TFMTeXiS-UTF8/TeXiS/TeXiS_pream.tex:223: LaTeX Error: \usepackage before \documentclass.

See the LaTeX manual or LaTeX Companion for explanation.
Type  H <return>  for immediate help.
 ...                                              
                                                  
l.223 \usepackage{
                  url}
\usepackage may only appear in the document preamble, i.e.,
between \documentclass and \begin{document}.


c:/Users/maria/Documents/GitHub/MIA_TFM/TFMTeXiS-UTF8/TeXiS/TeXiS_pream.tex:242: LaTeX Error: \usepackage before \documentclass.

See the LaTeX manual or LaTeX Companion for explanation.
Type  H <return>  for immediate help.
 ...                                              
                                                  
l.242 \usepackage{
                  ifpdf}
\usepackage may only appear in the document preamble, i.e.,
between \documentclass and \begin{document}.


c:/Users/maria/Documents/GitHub/MIA_TFM/TFMTeXiS-UTF8/TeXiS/TeXiS_pream.tex:250: LaTeX Error: \usepackage before \documentclass.

See the LaTeX manual or LaTeX Companion for explanation.
Type  H <return>  for immediate help.
 ...                                              
                                                  
l.250 \usepackage[Lenny]{
                         fncychap}
\usepackage may only appear in the document preamble, i.e.,
between \documentclass and \begin{document}.

c:/Users/maria/Documents/GitHub/MIA_TFM/TFMTeXiS-UTF8/TeXiS/TeXiS_pream.tex:276: Undefined control sequence.
l.276 \ifpdf
            
The control sequence at the end of the top line
of your error message was never \def'ed. If you have
misspelled it (e.g., `\hobx'), type `I' and the correct
spelling (e.g., `I\hbox'). Otherwise just continue,
and I'll forget about whatever was undefined.

(C:\Users\maria\AppData\Local\Programs\MiKTeX\tex/latex/hyperref\hyperref.sty
Package: hyperref 2026-01-29 v7.01p Hypertext links for LaTeX
 (C:\Users\maria\AppData\Local\Programs\MiKTeX\tex/generic/iftex\iftex.sty
Package: iftex 2024/12/12 v1.0g TeX engine tests
) (C:\Users\maria\AppData\Local\Programs\MiKTeX\tex/latex/graphics\keyval.sty
Package: keyval 2022/05/29 v1.15 key=value parser (DPC)
\KV@toks@=\toks17
) (C:\Users\maria\AppData\Local\Programs\MiKTeX\tex/latex/kvsetkeys\kvsetkeys.sty
Package: kvsetkeys 2022-10-05 v1.19 Key value parser (HO)
) (C:\Users\maria\AppData\Local\Programs\MiKTeX\tex/generic/kvdefinekeys\kvdefinekeys.sty
Package: kvdefinekeys 2019-12-19 v1.6 Define keys (HO)
) (C:\Users\maria\AppData\Local\Programs\MiKTeX\tex/generic/pdfescape\pdfescape.sty
Package: pdfescape 2019/12/09 v1.15 Implements pdfTeX's escape features (HO)
 (C:\Users\maria\AppData\Local\Programs\MiKTeX\tex/generic/ltxcmds\ltxcmds.sty
Package: ltxcmds 2023-12-04 v1.26 LaTeX kernel commands for general use (HO)
) (C:\Users\maria\AppData\Local\Programs\MiKTeX\tex/generic/pdftexcmds\pdftexcmds.sty
Package: pdftexcmds 2020-06-27 v0.33 Utility functions of pdfTeX for LuaTeX (HO)
 (C:\Users\maria\AppData\Local\Programs\MiKTeX\tex/generic/infwarerr\infwarerr.sty
Package: infwarerr 2019/12/03 v1.5 Providing info/warning/error messages (HO)
)
Package pdftexcmds Info: \pdf@primitive is available.
Package pdftexcmds Info: \pdf@ifprimitive is available.
Package pdftexcmds Info: \pdfdraftmode found.
)) (C:\Users\maria\AppData\Local\Programs\MiKTeX\tex/latex/hycolor\hycolor.sty
Package: hycolor 2020-01-27 v1.10 Color options for hyperref/bookmark (HO)
) (C:\Users\maria\AppData\Local\Programs\MiKTeX\tex/latex/hyperref\nameref.sty
Package: nameref 2026-01-29 v2.58 Cross-referencing by name of section
 (C:\Users\maria\AppData\Local\Programs\MiKTeX\tex/latex/refcount\refcount.sty
Package: refcount 2019/12/15 v3.6 Data extraction from label references (HO)
) (C:\Users\maria\AppData\Local\Programs\MiKTeX\tex/generic/gettitlestring\gettitlestring.sty
Package: gettitlestring 2019/12/15 v1.6 Cleanup title references (HO)
 (C:\Users\maria\AppData\Local\Programs\MiKTeX\tex/latex/kvoptions\kvoptions.sty
Package: kvoptions 2022-06-15 v3.15 Key value format for package options (HO)
))
\c@section@level=\count275
) (C:\Users\maria\AppData\Local\Programs\MiKTeX\tex/latex/etoolbox\etoolbox.sty
Package: etoolbox 2025/10/02 v2.5m e-TeX tools for LaTeX (JAW)
\etb@tempcnta=\count276
) (C:\Users\maria\AppData\Local\Programs\MiKTeX\tex/generic/stringenc\stringenc.sty
Package: stringenc 2019/11/29 v1.12 Convert strings between diff. encodings (HO)
)
\@linkdim=\dimen150
\Hy@linkcounter=\count277
\Hy@pagecounter=\count278
 (C:\Users\maria\AppData\Local\Programs\MiKTeX\tex/latex/hyperref\pd1enc.def
File: pd1enc.def 2026-01-29 v7.01p Hyperref: PDFDocEncoding definition (HO)
Now handling font encoding PD1 ...
... no UTF-8 mapping file for font encoding PD1
) (C:\Users\maria\AppData\Local\Programs\MiKTeX\tex/generic/intcalc\intcalc.sty
Package: intcalc 2019/12/15 v1.3 Expandable calculations with integers (HO)
)
\Hy@SavedSpaceFactor=\count279
 (C:\Users\maria\AppData\Local\Programs\MiKTeX\tex/latex/hyperref\puenc.def
File: puenc.def 2026-01-29 v7.01p Hyperref: PDF Unicode definition (HO)
Now handling font encoding PU ...
... no UTF-8 mapping file for font encoding PU
)

Package hyperref Warning: Invalid value `0'
(hyperref)                for option `pdfborder'.
(hyperref)                Option setting is ignored on input line 4072.

Package hyperref Info: Option `hyperindex' set `true' on input line 4072.
Package hyperref Info: Option `pdfpagelabels' set `true' on input line 4072.
Package hyperref Info: Option `hypertexnames' set `false' on input line 4072.
Package hyperref Info: Hyper figures OFF on input line 4201.
Package hyperref Info: Link nesting OFF on input line 4206.
Package hyperref Info: Hyper index ON on input line 4209.
Package hyperref Info: Plain pages OFF on input line 4216.
Package hyperref Info: Backreferencing OFF on input line 4221.
Package hyperref Info: Implicit mode ON; LaTeX internals redefined.
Package hyperref Info: Bookmarks ON on input line 4468.
\c@Hy@tempcnt=\count280
(C:\Users\maria\AppData\Local\Programs\MiKTeX\tex/latex/url\url.sty
\Urlmuskip=\muskip17
Package: url 2013/09/16  ver 3.4  Verb mode for urls, etc.
)
LaTeX Info: Redefining \url on input line 4807.
\XeTeXLinkMargin=\dimen151
 (C:\Users\maria\AppData\Local\Programs\MiKTeX\tex/generic/bitset\bitset.sty
Package: bitset 2019/12/09 v1.3 Handle bit-vector datatype (HO)
 (C:\Users\maria\AppData\Local\Programs\MiKTeX\tex/generic/bigintcalc\bigintcalc.sty
Package: bigintcalc 2019/12/15 v1.5 Expandable calculations on big integers (HO)
))
\Fld@menulength=\count281
\Field@Width=\dimen152
\Fld@charsize=\dimen153
Package hyperref Info: Hyper figures OFF on input line 6084.
Package hyperref Info: Link nesting OFF on input line 6089.
Package hyperref Info: Hyper index ON on input line 6092.
Package hyperref Info: backreferencing OFF on input line 6099.
Package hyperref Info: Link coloring OFF on input line 6104.
Package hyperref Info: Link coloring with OCG OFF on input line 6109.
Package hyperref Info: PDF/A mode OFF on input line 6114.


Package hyperref Warning: Option `pdfpagelabels' is turned off
(hyperref)                because \thepage is undefined.

\c@Item=\count282
\c@Hfootnote=\count283
)
Package hyperref Info: Driver (autodetected): hpdftex.
 (C:\Users\maria\AppData\Local\Programs\MiKTeX\tex/latex/hyperref\hpdftex.def
File: hpdftex.def 2026-01-29 v7.01p Hyperref driver for pdfTeX
\Fld@listcount=\count284
\c@bookmark@seq@number=\count285
 (C:\Users\maria\AppData\Local\Programs\MiKTeX\tex/latex/rerunfilecheck\rerunfilecheck.sty
Package: rerunfilecheck 2025-06-21 v1.11 Rerun checks for auxiliary files (HO)
 (C:\Users\maria\AppData\Local\Programs\MiKTeX\tex/generic/uniquecounter\uniquecounter.sty
Package: uniquecounter 2019/12/15 v1.4 Provide unlimited unique counter (HO)
)
Package uniquecounter Info: New unique counter `rerunfilecheck' on input line 284.
)
\Hy@SectionHShift=\skip49
)
c:/Users/maria/Documents/GitHub/MIA_TFM/TFMTeXiS-UTF8/TeXiS/TeXiS_pream.tex:279: Extra \fi.
l.279 \fi
         
I'm ignoring this; it doesn't match any \if.

Package hyperref Info: Option `colorlinks' set `false' on input line 290.

c:/Users/maria/Documents/GitHub/MIA_TFM/TFMTeXiS-UTF8/TeXiS/TeXiS_pream.tex:366: LaTeX Error: \usepackage before \documentclass.

See the LaTeX manual or LaTeX Companion for explanation.
Type  H <return>  for immediate help.
 ...                                              
                                                  
l.366 \usepackage{
                  makeidx}
\usepackage may only appear in the document preamble, i.e.,
between \documentclass and \begin{document}.


c:/Users/maria/Documents/GitHub/MIA_TFM/TFMTeXiS-UTF8/TeXiS/TeXiS_pream.tex:419: LaTeX Error: \usepackage before \documentclass.

See the LaTeX manual or LaTeX Companion for explanation.
Type  H <return>  for immediate help.
 ...                                              
                                                  
l.419 \usepackage{
                  multicol}
\usepackage may only appear in the document preamble, i.e.,
between \documentclass and \begin{document}.


c:/Users/maria/Documents/GitHub/MIA_TFM/TFMTeXiS-UTF8/TeXiS/TeXiS_pream.tex:505: LaTeX Error: \usepackage before \documentclass.

See the LaTeX manual or LaTeX Companion for explanation.
Type  H <return>  for immediate help.
 ...                                              
                                                  
l.505 \usepackage{
                  subfig}
\usepackage may only appear in the document preamble, i.e.,
between \documentclass and \begin{document}.

\sf@box=\box53

c:/Users/maria/Documents/GitHub/MIA_TFM/TFMTeXiS-UTF8/TeXiS/TeXiS_pream.tex:591: LaTeX Error: \usepackage before \documentclass.

See the LaTeX manual or LaTeX Companion for explanation.
Type  H <return>  for immediate help.
 ...                                              
                                                  
l.591 \usepackage{
                  listings}
\usepackage may only appear in the document preamble, i.e.,
between \documentclass and \begin{document}.

c:/Users/maria/Documents/GitHub/MIA_TFM/TFMTeXiS-UTF8/TeXiS/TeXiS_pream.tex:592: Undefined control sequence.
l.592 \lstset
             {basicstyle=\small}
The control sequence at the end of the top line
of your error message was never \def'ed. If you have
misspelled it (e.g., `\hobx'), type `I' and the correct
spelling (e.g., `I\hbox'). Otherwise just continue,
and I'll forget about whatever was undefined.


c:/Users/maria/Documents/GitHub/MIA_TFM/TFMTeXiS-UTF8/TeXiS/TeXiS_pream.tex:592: LaTeX Error: Missing \begin{document}.

See the LaTeX manual or LaTeX Companion for explanation.
Type  H <return>  for immediate help.
 ...                                              
                                                  
l.592 \lstset{b
               asicstyle=\small}
You're in trouble here.  Try typing  <return>  to proceed.
If that doesn't work, type  X <return>  to quit.

Missing character: There is no b in font nullfont!
Missing character: There is no a in font nullfont!
Missing character: There is no s in font nullfont!
Missing character: There is no i in font nullfont!
Missing character: There is no c in font nullfont!
Missing character: There is no s in font nullfont!
Missing character: There is no t in font nullfont!
Missing character: There is no y in font nullfont!
Missing character: There is no l in font nullfont!
Missing character: There is no e in font nullfont!
Missing character: There is no = in font nullfont!
c:/Users/maria/Documents/GitHub/MIA_TFM/TFMTeXiS-UTF8/TeXiS/TeXiS_pream.tex:592: Undefined control sequence.
l.592 \lstset{basicstyle=\small
                               }
The control sequence at the end of the top line
of your error message was never \def'ed. If you have
misspelled it (e.g., `\hobx'), type `I' and the correct
spelling (e.g., `I\hbox'). Otherwise just continue,
and I'll forget about whatever was undefined.

c:/Users/maria/Documents/GitHub/MIA_TFM/TFMTeXiS-UTF8/TeXiS/TeXiS_pream.tex:593: Undefined control sequence.
l.593 \lstset
             {showstringspaces=false}
The control sequence at the end of the top line
of your error message was never \def'ed. If you have
misspelled it (e.g., `\hobx'), type `I' and the correct
spelling (e.g., `I\hbox'). Otherwise just continue,
and I'll forget about whatever was undefined.

Missing character: There is no s in font nullfont!
Missing character: There is no h in font nullfont!
Missing character: There is no o in font nullfont!
Missing character: There is no w in font nullfont!
Missing character: There is no s in font nullfont!
Missing character: There is no t in font nullfont!
Missing character: There is no r in font nullfont!
Missing character: There is no i in font nullfont!
Missing character: There is no n in font nullfont!
Missing character: There is no g in font nullfont!
Missing character: There is no s in font nullfont!
Missing character: There is no p in font nullfont!
Missing character: There is no a in font nullfont!
Missing character: There is no c in font nullfont!
Missing character: There is no e in font nullfont!
Missing character: There is no s in font nullfont!
Missing character: There is no = in font nullfont!
Missing character: There is no f in font nullfont!
Missing character: There is no a in font nullfont!
Missing character: There is no l in font nullfont!
Missing character: There is no s in font nullfont!
Missing character: There is no e in font nullfont!
c:/Users/maria/Documents/GitHub/MIA_TFM/TFMTeXiS-UTF8/TeXiS/TeXiS_pream.tex:594: Undefined control sequence.
l.594 \lstset
             {tabsize=3}
The control sequence at the end of the top line
of your error message was never \def'ed. If you have
misspelled it (e.g., `\hobx'), type `I' and the correct
spelling (e.g., `I\hbox'). Otherwise just continue,
and I'll forget about whatever was undefined.

Missing character: There is no t in font nullfont!
Missing character: There is no a in font nullfont!
Missing character: There is no b in font nullfont!
Missing character: There is no s in font nullfont!
Missing character: There is no i in font nullfont!
Missing character: There is no z in font nullfont!
Missing character: There is no e in font nullfont!
Missing character: There is no = in font nullfont!
Missing character: There is no 3 in font nullfont!

Overfull \hbox (20.0pt too wide) in paragraph at lines 592--595
[]
 []


c:/Users/maria/Documents/GitHub/MIA_TFM/TFMTeXiS-UTF8/TeXiS/TeXiS_pream.tex:599: LaTeX Error: \usepackage before \documentclass.

See the LaTeX manual or LaTeX Companion for explanation.
Type  H <return>  for immediate help.
 ...                                              
                                                  
l.599 \usepackage{
                  tabularx}
\usepackage may only appear in the document preamble, i.e.,
between \documentclass and \begin{document}.

c:/Users/maria/Documents/GitHub/MIA_TFM/TFMTeXiS-UTF8/TeXiS/TeXiS_pream.tex:603: Undefined control sequence.
l.603 \addto
            \captionsspanish{%
The control sequence at the end of the top line
of your error message was never \def'ed. If you have
misspelled it (e.g., `\hobx'), type `I' and the correct
spelling (e.g., `I\hbox'). Otherwise just continue,
and I'll forget about whatever was undefined.

c:/Users/maria/Documents/GitHub/MIA_TFM/TFMTeXiS-UTF8/TeXiS/TeXiS_pream.tex:603: Undefined control sequence.
l.603 \addto\captionsspanish
                            {%
The control sequence at the end of the top line
of your error message was never \def'ed. If you have
misspelled it (e.g., `\hobx'), type `I' and the correct
spelling (e.g., `I\hbox'). Otherwise just continue,
and I'll forget about whatever was undefined.

c:/Users/maria/Documents/GitHub/MIA_TFM/TFMTeXiS-UTF8/TeXiS/TeXiS_pream.tex:613: Undefined control sequence.
l.613 \addto
            \captionsenglish{%
The control sequence at the end of the top line
of your error message was never \def'ed. If you have
misspelled it (e.g., `\hobx'), type `I' and the correct
spelling (e.g., `I\hbox'). Otherwise just continue,
and I'll forget about whatever was undefined.

c:/Users/maria/Documents/GitHub/MIA_TFM/TFMTeXiS-UTF8/TeXiS/TeXiS_pream.tex:613: Undefined control sequence.
l.613 \addto\captionsenglish
                            {%
The control sequence at the end of the top line
of your error message was never \def'ed. If you have
misspelled it (e.g., `\hobx'), type `I' and the correct
spelling (e.g., `I\hbox'). Otherwise just continue,
and I'll forget about whatever was undefined.


c:/Users/maria/Documents/GitHub/MIA_TFM/TFMTeXiS-UTF8/TeXiS/TeXiS_pream.tex:621: LaTeX Error: \usepackage before \documentclass.

See the LaTeX manual or LaTeX Companion for explanation.
Type  H <return>  for immediate help.
 ...                                              
                                                  
l.621 \usepackage[T1]{
                      fontenc}
\usepackage may only appear in the document preamble, i.e.,
between \documentclass and \begin{document}.


c:/Users/maria/Documents/GitHub/MIA_TFM/TFMTeXiS-UTF8/TeXiS/TeXiS_pream.tex:624: LaTeX Error: \usepackage before \documentclass.

See the LaTeX manual or LaTeX Companion for explanation.
Type  H <return>  for immediate help.
 ...                                              
                                                  
l.624 \usepackage{
                  epsfig}
\usepackage may only appear in the document preamble, i.e.,
between \documentclass and \begin{document}.


c:/Users/maria/Documents/GitHub/MIA_TFM/TFMTeXiS-UTF8/TeXiS/TeXiS_pream.tex:643: LaTeX Error: \usepackage before \documentclass.

See the LaTeX manual or LaTeX Companion for explanation.
Type  H <return>  for immediate help.
 ...                                              
                                                  
l.643 \usepackage{
                  calc}
\usepackage may only appear in the document preamble, i.e.,
between \documentclass and \begin{document}.


c:/Users/maria/Documents/GitHub/MIA_TFM/TFMTeXiS-UTF8/TeXiS/TeXiS_pream.tex:692: LaTeX Error: \usepackage before \documentclass.

See the LaTeX manual or LaTeX Companion for explanation.
Type  H <return>  for immediate help.
 ...                                              
                                                  
l.692 \usepackage{
                  geometry}
\usepackage may only appear in the document preamble, i.e.,
between \documentclass and \begin{document}.

c:/Users/maria/Documents/GitHub/MIA_TFM/TFMTeXiS-UTF8/TeXiS/TeXiS_pream.tex:695: Undefined control sequence.
l.695 \geometry
               {top=3cm,bottom=3cm,left=3cm,right=3cm}
The control sequence at the end of the top line
of your error message was never \def'ed. If you have
misspelled it (e.g., `\hobx'), type `I' and the correct
spelling (e.g., `I\hbox'). Otherwise just continue,
and I'll forget about whatever was undefined.


c:/Users/maria/Documents/GitHub/MIA_TFM/TFMTeXiS-UTF8/TeXiS/TeXiS_pream.tex:695: LaTeX Error: Missing \begin{document}.

See the LaTeX manual or LaTeX Companion for explanation.
Type  H <return>  for immediate help.
 ...                                              
                                                  
l.695 \geometry{t
                 op=3cm,bottom=3cm,left=3cm,right=3cm}
You're in trouble here.  Try typing  <return>  to proceed.
If that doesn't work, type  X <return>  to quit.

Missing character: There is no t in font nullfont!
Missing character: There is no o in font nullfont!
Missing character: There is no p in font nullfont!
Missing character: There is no = in font nullfont!
Missing character: There is no 3 in font nullfont!
Missing character: There is no c in font nullfont!
Missing character: There is no m in font nullfont!
Missing character: There is no , in font nullfont!
Missing character: There is no b in font nullfont!
Missing character: There is no o in font nullfont!
Missing character: There is no t in font nullfont!
Missing character: There is no t in font nullfont!
Missing character: There is no o in font nullfont!
Missing character: There is no m in font nullfont!
Missing character: There is no = in font nullfont!
Missing character: There is no 3 in font nullfont!
Missing character: There is no c in font nullfont!
Missing character: There is no m in font nullfont!
Missing character: There is no , in font nullfont!
Missing character: There is no l in font nullfont!
Missing character: There is no e in font nullfont!
Missing character: There is no f in font nullfont!
Missing character: There is no t in font nullfont!
Missing character: There is no = in font nullfont!
Missing character: There is no 3 in font nullfont!
Missing character: There is no c in font nullfont!
Missing character: There is no m in font nullfont!
Missing character: There is no , in font nullfont!
Missing character: There is no r in font nullfont!
Missing character: There is no i in font nullfont!
Missing character: There is no g in font nullfont!
Missing character: There is no h in font nullfont!
Missing character: There is no t in font nullfont!
Missing character: There is no = in font nullfont!
Missing character: There is no 3 in font nullfont!
Missing character: There is no c in font nullfont!
Missing character: There is no m in font nullfont!

Overfull \hbox (20.0pt too wide) in paragraph at lines 695--696
[] 
 []


c:/Users/maria/Documents/GitHub/MIA_TFM/TFMTeXiS-UTF8/TeXiS/TeXiS_pream.tex:735: LaTeX Error: \usepackage before \documentclass.

See the LaTeX manual or LaTeX Companion for explanation.
Type  H <return>  for immediate help.
 ...                                              
                                                  
l.735 \usepackage{
                  titlesec}
\usepackage may only appear in the document preamble, i.e.,
between \documentclass and \begin{document}.


c:/Users/maria/Documents/GitHub/MIA_TFM/TFMTeXiS-UTF8/TeXiS/TeXiS_pream.tex:755: LaTeX Error: \usepackage before \documentclass.

See the LaTeX manual or LaTeX Companion for explanation.
Type  H <return>  for immediate help.
 ...                                              
                                                  
l.755 \usepackage{
                  csquotes}
\usepackage may only appear in the document preamble, i.e.,
between \documentclass and \begin{document}.


c:/Users/maria/Documents/GitHub/MIA_TFM/TFMTeXiS-UTF8/TeXiS/TeXiS_pream.tex:756: LaTeX Error: \usepackage before \documentclass.

See the LaTeX manual or LaTeX Companion for explanation.
Type  H <return>  for immediate help.
 ...                                              
                                                  
l.756 \usepackage[final]{
                         pdfpages}
\usepackage may only appear in the document preamble, i.e.,
between \documentclass and \begin{document}.


c:/Users/maria/Documents/GitHub/MIA_TFM/TFMTeXiS-UTF8/TeXiS/TeXiS_pream.tex:772: LaTeX Error: \usepackage before \documentclass.

See the LaTeX manual or LaTeX Companion for explanation.
Type  H <return>  for immediate help.
 ...                                              
                                                  
l.772 \usepackage{
                  tabularx}
\usepackage may only appear in the document preamble, i.e.,
between \documentclass and \begin{document}.


c:/Users/maria/Documents/GitHub/MIA_TFM/TFMTeXiS-UTF8/TeXiS/TeXiS_pream.tex:773: LaTeX Error: \usepackage before \documentclass.

See the LaTeX manual or LaTeX Companion for explanation.
Type  H <return>  for immediate help.
 ...                                              
                                                  
l.773 \usepackage[utf8]{
                        inputenc}
\usepackage may only appear in the document preamble, i.e.,
between \documentclass and \begin{document}.


c:/Users/maria/Documents/GitHub/MIA_TFM/TFMTeXiS-UTF8/TeXiS/TeXiS_pream.tex:774: LaTeX Error: \usepackage before \documentclass.

See the LaTeX manual or LaTeX Companion for explanation.
Type  H <return>  for immediate help.
 ...                                              
                                                  
l.774 \usepackage{
                  makecell}
\usepackage may only appear in the document preamble, i.e.,
between \documentclass and \begin{document}.

)
! Emergency stop.
<*> ...MIA_TFM/TFMTeXiS-UTF8/TeXiS/TeXiS_pream.tex
                                                  
*** (job aborted, no legal \end found)

 
Here is how much of TeX's memory you used:
 7118 strings out of 467691
 109990 string characters out of 5414987
 517137 words of memory out of 5000000
 36180 multiletter control sequences out of 15000+600000
 627721 words of font info for 40 fonts, out of 8000000 for 9000
 1141 hyphenation exceptions out of 8191
 75i,0n,79p,368b,32s stack positions out of 10000i,1000n,20000p,200000b,200000s
!  ==> Fatal error occurred, no output PDF file produced!
