\BOOKMARK [0][-]{titulo.0}{\376\377\000P\000\341\000g\000i\000n\000a\000\040\000d\000e\000\040\000T\000\355\000t\000u\000l\000o}{}% 1
\BOOKMARK [0][-]{indices.0}{\376\377\000\315\000n\000d\000i\000c\000e\000s}{}% 2
\BOOKMARK [1][-]{tabla de contenidos.1}{\376\377\000T\000a\000b\000l\000a\000\040\000d\000e\000\040\000C\000o\000n\000t\000e\000n\000i\000d\000o\000s}{indices.0}% 3
\BOOKMARK [1][-]{indice de figuras.1}{\376\377\000\315\000n\000d\000i\000c\000e\000\040\000d\000e\000\040\000f\000i\000g\000u\000r\000a\000s}{indices.0}% 4
\BOOKMARK [1][-]{indice de tablas.1}{\376\377\000\315\000n\000d\000i\000c\000e\000\040\000d\000e\000\040\000t\000a\000b\000l\000a\000s}{indices.0}% 5
\BOOKMARK [0][-]{chapter.8}{\376\377\000I\000n\000t\000r\000o\000d\000u\000c\000c\000i\000\363\000n}{}% 6
\BOOKMARK [1][-]{section.10}{\376\377\000M\000o\000t\000i\000v\000a\000c\000i\000\363\000n}{chapter.8}% 7
\BOOKMARK [2][-]{subsection.11}{\376\377\000E\000l\000\040\000g\000i\000r\000o\000\040\000c\000o\000m\000p\000u\000t\000a\000c\000i\000o\000n\000a\000l\000\040\000e\000n\000\040\000e\000l\000\040\000a\000n\000\341\000l\000i\000s\000i\000s\000\040\000d\000e\000\040\000t\000e\000x\000t\000o\000s\000\040\000a\000r\000t\000\355\000s\000t\000i\000c\000o\000s\000\040\000y\000\040\000c\000r\000e\000a\000t\000i\000v\000o\000s}{section.10}% 8
\BOOKMARK [2][-]{subsection.12}{\376\377\000\050\000T\000O\000D\000O\000:\000\040\000E\000T\000I\000Q\000U\000E\000T\000A\000R\000\040\000S\000U\000B\000S\000E\000C\000C\000I\000\323\000N\000\051}{section.10}% 9
\BOOKMARK [1][-]{section.13}{\376\377\000O\000b\000j\000e\000t\000i\000v\000o\000s}{chapter.8}% 10
\BOOKMARK [2][-]{subsection.14}{\376\377\000O\000b\000j\000e\000t\000i\000v\000o\000s\000\040\000g\000e\000n\000e\000r\000a\000l\000e\000s}{section.13}% 11
\BOOKMARK [2][-]{subsection.15}{\376\377\000O\000b\000j\000e\000t\000i\000v\000o\000s\000\040\000e\000s\000p\000e\000c\000\355\000f\000i\000c\000o\000s}{section.13}% 12
\BOOKMARK [1][-]{section.16}{\376\377\000P\000l\000a\000n\000\040\000d\000e\000\040\000t\000r\000a\000b\000a\000j\000o}{chapter.8}% 13
\BOOKMARK [1][-]{section.17}{\376\377\000M\000e\000t\000o\000d\000o\000l\000o\000g\000\355\000a\000\040\000y\000\040\000t\000e\000c\000n\000o\000l\000o\000g\000\355\000a}{chapter.8}% 14
\BOOKMARK [1][-]{section.18}{\376\377\000E\000s\000t\000r\000u\000c\000t\000u\000r\000a\000\040\000d\000e\000l\000\040\000r\000e\000s\000t\000o\000\040\000d\000e\000l\000\040\000d\000o\000c\000u\000m\000e\000n\000t\000o}{chapter.8}% 15
\BOOKMARK [1][-]{section.19}{\376\377\000E\000x\000p\000l\000i\000c\000a\000c\000i\000o\000n\000e\000s\000\040\000a\000d\000i\000c\000i\000o\000n\000a\000l\000e\000s\000\040\000s\000o\000b\000r\000e\000\040\000e\000l\000\040\000u\000s\000o\000\040\000d\000e\000\040\000e\000s\000t\000a\000\040\000p\000l\000a\000n\000t\000i\000l\000l\000a}{chapter.8}% 16
\BOOKMARK [0][-]{chapter.21}{\376\377\000E\000s\000t\000a\000d\000o\000\040\000d\000e\000\040\000l\000a\000\040\000C\000u\000e\000s\000t\000i\000\363\000n}{}% 17
\BOOKMARK [0][-]{chapter.22}{\376\377\000D\000e\000s\000c\000r\000i\000p\000c\000i\000\363\000n\000\040\000d\000e\000l\000\040\000T\000r\000a\000b\000a\000j\000o}{}% 18
\BOOKMARK [0][-]{chapter.25}{\376\377\000C\000a\000p\000\355\000t\000u\000l\000o\000\040\0004\000:\000\040\000\050\000T\000O\000D\000O\000:\000\040\000t\000\355\000t\000u\000l\000o\000\040\000d\000e\000l\000\040\000c\000a\000p\000\355\000t\000u\000l\000o\000\051}{}% 19
\BOOKMARK [1][-]{section.26}{\376\377\000\050\000T\000O\000D\000O\000:\000\040\000p\000o\000n\000e\000r\000\040\000n\000o\000m\000b\000r\000e\000\051}{chapter.25}% 20
\BOOKMARK [2][-]{subsection.27}{\376\377\000\050\000T\000O\000D\000O\000:\000\040\000e\000s\000t\000r\000u\000c\000t\000u\000r\000a\000r\000\040\000b\000i\000e\000n\000,\000\040\000s\000o\000\040\000s\000\351\000\040\000s\000i\000\040\000p\000o\000n\000e\000r\000\040\000e\000s\000t\000a\000\040\000s\000e\000c\000c\000i\000\363\000n\000\040\000a\000q\000u\000\355\000\051\000\040\000P\000r\000o\000b\000l\000e\000m\000a\000s\000\040\000e\000n\000c\000o\000n\000t\000r\000a\000d\000o\000s\000\040\000a\000l\000\040\000i\000m\000p\000l\000e\000m\000e\000n\000t\000a\000r\000\040\000c\000i\000e\000r\000t\000a\000s\000\040\000h\000e\000r\000r\000a\000m\000i\000e\000n\000t\000a\000s}{section.26}% 21
\BOOKMARK [1][-]{section.28}{\376\377\000V\000e\000n\000t\000a\000j\000a\000s\000\040\000q\000u\000e\000\040\000o\000f\000r\000e\000c\000e\000\040\000l\000a\000\040\000m\000e\000t\000o\000d\000o\000l\000o\000g\000\355\000a\000\040\000e\000s\000c\000o\000g\000i\000d\000a\000\040\000p\000a\000r\000a\000\040\000l\000a\000\040\000h\000e\000r\000r\000a\000m\000i\000e\000n\000t\000a\000\040\000d\000e\000s\000a\000r\000r\000o\000l\000l\000a\000d\000a}{chapter.25}% 22
\BOOKMARK [0][-]{chapter.29}{\376\377\000C\000o\000n\000c\000l\000u\000s\000i\000o\000n\000e\000s\000\040\000y\000\040\000T\000r\000a\000b\000a\000j\000o\000\040\000F\000u\000t\000u\000r\000o}{}% 23
\BOOKMARK [0][-]{chapter.30}{\376\377\000I\000n\000t\000r\000o\000d\000u\000c\000t\000i\000o\000n}{}% 24
\BOOKMARK [0][-]{chapter.31}{\376\377\000C\000o\000n\000c\000l\000u\000s\000i\000o\000n\000s\000\040\000a\000n\000d\000\040\000F\000u\000t\000u\000r\000e\000\040\000W\000o\000r\000k}{}% 25
\BOOKMARK [0][-]{chapter*.32}{\376\377\000B\000i\000b\000l\000i\000o\000g\000r\000a\000f\000\355\000a}{}% 26
\BOOKMARK [0][-]{appendix.33}{\376\377\000T\000\355\000t\000u\000l\000o\000\040\000d\000e\000l\000\040\000A\000p\000\351\000n\000d\000i\000c\000e\000\040\000A}{}% 27
\BOOKMARK [0][-]{appendix.34}{\376\377\000T\000\355\000t\000u\000l\000o\000\040\000d\000e\000l\000\040\000A\000p\000\351\000n\000d\000i\000c\000e\000\040\000B}{}% 28
\BOOKMARK [0][-]{fin.0}{\376\377\000F\000i\000n}{}% 29
